<?xml version="1.0" encoding="UTF-8"?>
<robot generator="Robot 4.1.2 (Python 3.8.8 on win32)" generated="20211213 21:10:26.057" rpa="false" schemaversion="2">
<suite id="s1" name="Tests" source="C:\Users\lande\Documents\GitHub\STSWENGRobotFramework\tests">
<suite id="s1-s1" name="Tests Login" source="C:\Users\lande\Documents\GitHub\STSWENGRobotFramework\tests\tests_login.robot">
<test id="s1-s1-t1" name="Successful User Log In">
<kw name="Open Browser" library="SeleniumLibrary">
<arg>https://www.saucedemo.com/</arg>
<arg>chrome</arg>
<doc>Opens a new browser instance to the optional ``url``.</doc>
<msg timestamp="20211213 21:10:26.231" level="INFO">Opening browser 'chrome' to base url 'https://www.saucedemo.com/'.</msg>
<status status="PASS" starttime="20211213 21:10:26.231" endtime="20211213 21:10:28.194"/>
</kw>
<kw name="Maximize Browser Window" library="SeleniumLibrary">
<doc>Maximizes current browser window.</doc>
<status status="PASS" starttime="20211213 21:10:28.195" endtime="20211213 21:10:28.310"/>
</kw>
<kw name="Page Should Contain Element" library="SeleniumLibrary">
<arg>login-button</arg>
<doc>Verifies that element ``locator`` is found on the current page.</doc>
<msg timestamp="20211213 21:10:28.318" level="INFO">Current page contains element 'login-button'.</msg>
<status status="PASS" starttime="20211213 21:10:28.310" endtime="20211213 21:10:28.318"/>
</kw>
<kw name="Input Text" library="SeleniumLibrary">
<arg>user-name</arg>
<arg>standard_user</arg>
<doc>Types the given ``text`` into the text field identified by ``locator``.</doc>
<msg timestamp="20211213 21:10:28.318" level="INFO">Typing text 'standard_user' into text field 'user-name'.</msg>
<status status="PASS" starttime="20211213 21:10:28.318" endtime="20211213 21:10:28.380"/>
</kw>
<kw name="Input Password" library="SeleniumLibrary">
<arg>password</arg>
<arg>secret_sauce</arg>
<doc>Types the given password into the text field identified by ``locator``.</doc>
<msg timestamp="20211213 21:10:28.381" level="INFO">Typing password into text field 'password'.</msg>
<msg timestamp="20211213 21:10:28.402" level="INFO">Temporally setting log level to: NONE</msg>
<msg timestamp="20211213 21:10:28.428" level="INFO">Log level changed from NONE to INFO.</msg>
<status status="PASS" starttime="20211213 21:10:28.380" endtime="20211213 21:10:28.429"/>
</kw>
<kw name="Click Button" library="SeleniumLibrary">
<arg>login-button</arg>
<doc>Clicks the button identified by ``locator``.</doc>
<msg timestamp="20211213 21:10:28.429" level="INFO">Clicking button 'login-button'.</msg>
<status status="PASS" starttime="20211213 21:10:28.429" endtime="20211213 21:10:28.485"/>
</kw>
<kw name="Element Attribute Value Should Be" library="SeleniumLibrary">
<arg>xpath:/html/body/div/div/div/div[2]/div/div/div/div[1]/div[1]/a/img</arg>
<arg>src</arg>
<arg>https://www.saucedemo.com/static/media/sauce-backpack-1200x1500.34e7aa42.jpg</arg>
<doc>Verifies element identified by ``locator`` contains expected attribute value.</doc>
<msg timestamp="20211213 21:10:28.495" level="INFO">Element 'xpath:/html/body/div/div/div/div[2]/div/div/div/div[1]/div[1]/a/img' attribute 'src' contains value 'https://www.saucedemo.com/static/media/sauce-backpack-1200x1500.34e7aa42.jpg'.</msg>
<status status="PASS" starttime="20211213 21:10:28.485" endtime="20211213 21:10:28.495"/>
</kw>
<kw name="Close Browser" library="SeleniumLibrary" type="TEARDOWN">
<doc>Closes the current browser.</doc>
<status status="PASS" starttime="20211213 21:10:28.495" endtime="20211213 21:10:30.588"/>
</kw>
<status status="PASS" starttime="20211213 21:10:26.230" endtime="20211213 21:10:30.588"/>
</test>
<test id="s1-s1-t2" name="Unsuccessful user log in by a locked out user">
<kw name="Open Browser" library="SeleniumLibrary">
<arg>https://www.saucedemo.com/</arg>
<arg>chrome</arg>
<doc>Opens a new browser instance to the optional ``url``.</doc>
<msg timestamp="20211213 21:10:30.590" level="INFO">Opening browser 'chrome' to base url 'https://www.saucedemo.com/'.</msg>
<status status="PASS" starttime="20211213 21:10:30.590" endtime="20211213 21:10:32.367"/>
</kw>
<kw name="Maximize Browser Window" library="SeleniumLibrary">
<doc>Maximizes current browser window.</doc>
<status status="PASS" starttime="20211213 21:10:32.367" endtime="20211213 21:10:32.492"/>
</kw>
<kw name="Page Should Contain Element" library="SeleniumLibrary">
<arg>login-button</arg>
<doc>Verifies that element ``locator`` is found on the current page.</doc>
<msg timestamp="20211213 21:10:32.502" level="INFO">Current page contains element 'login-button'.</msg>
<status status="PASS" starttime="20211213 21:10:32.492" endtime="20211213 21:10:32.502"/>
</kw>
<kw name="Input Text" library="SeleniumLibrary">
<arg>user-name</arg>
<arg>locked_out_user</arg>
<doc>Types the given ``text`` into the text field identified by ``locator``.</doc>
<msg timestamp="20211213 21:10:32.502" level="INFO">Typing text 'locked_out_user' into text field 'user-name'.</msg>
<status status="PASS" starttime="20211213 21:10:32.502" endtime="20211213 21:10:32.563"/>
</kw>
<kw name="Input Password" library="SeleniumLibrary">
<arg>password</arg>
<arg>secret_sauce</arg>
<doc>Types the given password into the text field identified by ``locator``.</doc>
<msg timestamp="20211213 21:10:32.564" level="INFO">Typing password into text field 'password'.</msg>
<msg timestamp="20211213 21:10:32.583" level="INFO">Temporally setting log level to: NONE</msg>
<msg timestamp="20211213 21:10:32.607" level="INFO">Log level changed from NONE to INFO.</msg>
<status status="PASS" starttime="20211213 21:10:32.563" endtime="20211213 21:10:32.607"/>
</kw>
<kw name="Click Button" library="SeleniumLibrary">
<arg>login-button</arg>
<doc>Clicks the button identified by ``locator``.</doc>
<msg timestamp="20211213 21:10:32.608" level="INFO">Clicking button 'login-button'.</msg>
<status status="PASS" starttime="20211213 21:10:32.608" endtime="20211213 21:10:32.638"/>
</kw>
<kw name="Element Text Should Be" library="SeleniumLibrary">
<arg>xpath://*[@id="login_button_container"]/div/form/div[3]/h3</arg>
<arg>Epic sadface: Sorry, this user has been locked out.</arg>
<doc>Verifies that element ``locator`` contains exact the text ``expected``.</doc>
<msg timestamp="20211213 21:10:32.639" level="INFO">Verifying element 'xpath://*[@id="login_button_container"]/div/form/div[3]/h3' contains exact text 'Epic sadface: Sorry, this user has been locked out.'.</msg>
<status status="PASS" starttime="20211213 21:10:32.638" endtime="20211213 21:10:32.652"/>
</kw>
<kw name="Close Browser" library="SeleniumLibrary" type="TEARDOWN">
<doc>Closes the current browser.</doc>
<status status="PASS" starttime="20211213 21:10:32.652" endtime="20211213 21:10:34.743"/>
</kw>
<status status="PASS" starttime="20211213 21:10:30.589" endtime="20211213 21:10:34.743"/>
</test>
<test id="s1-s1-t3" name="Typed wrong password">
<kw name="Open Browser" library="SeleniumLibrary">
<arg>https://www.saucedemo.com/</arg>
<arg>chrome</arg>
<doc>Opens a new browser instance to the optional ``url``.</doc>
<msg timestamp="20211213 21:10:34.745" level="INFO">Opening browser 'chrome' to base url 'https://www.saucedemo.com/'.</msg>
<status status="PASS" starttime="20211213 21:10:34.745" endtime="20211213 21:10:36.580"/>
</kw>
<kw name="Maximize Browser Window" library="SeleniumLibrary">
<doc>Maximizes current browser window.</doc>
<status status="PASS" starttime="20211213 21:10:36.580" endtime="20211213 21:10:36.705"/>
</kw>
<kw name="Page Should Contain Element" library="SeleniumLibrary">
<arg>login-button</arg>
<doc>Verifies that element ``locator`` is found on the current page.</doc>
<msg timestamp="20211213 21:10:36.712" level="INFO">Current page contains element 'login-button'.</msg>
<status status="PASS" starttime="20211213 21:10:36.705" endtime="20211213 21:10:36.712"/>
</kw>
<kw name="Input Text" library="SeleniumLibrary">
<arg>user-name</arg>
<arg>standard_user</arg>
<doc>Types the given ``text`` into the text field identified by ``locator``.</doc>
<msg timestamp="20211213 21:10:36.712" level="INFO">Typing text 'standard_user' into text field 'user-name'.</msg>
<status status="PASS" starttime="20211213 21:10:36.712" endtime="20211213 21:10:36.761"/>
</kw>
<kw name="Input Password" library="SeleniumLibrary">
<arg>password</arg>
<arg>password</arg>
<doc>Types the given password into the text field identified by ``locator``.</doc>
<msg timestamp="20211213 21:10:36.762" level="INFO">Typing password into text field 'password'.</msg>
<msg timestamp="20211213 21:10:36.782" level="INFO">Temporally setting log level to: NONE</msg>
<msg timestamp="20211213 21:10:36.802" level="INFO">Log level changed from NONE to INFO.</msg>
<status status="PASS" starttime="20211213 21:10:36.762" endtime="20211213 21:10:36.803"/>
</kw>
<kw name="Click Button" library="SeleniumLibrary">
<arg>login-button</arg>
<doc>Clicks the button identified by ``locator``.</doc>
<msg timestamp="20211213 21:10:36.803" level="INFO">Clicking button 'login-button'.</msg>
<status status="PASS" starttime="20211213 21:10:36.803" endtime="20211213 21:10:36.837"/>
</kw>
<kw name="Element Text Should Be" library="SeleniumLibrary">
<arg>xpath://*[@id="login_button_container"]/div/form/div[3]/h3</arg>
<arg>Epic sadface: Username and password do not match any user in this service</arg>
<doc>Verifies that element ``locator`` contains exact the text ``expected``.</doc>
<msg timestamp="20211213 21:10:36.838" level="INFO">Verifying element 'xpath://*[@id="login_button_container"]/div/form/div[3]/h3' contains exact text 'Epic sadface: Username and password do not match any user in this service'.</msg>
<status status="PASS" starttime="20211213 21:10:36.838" endtime="20211213 21:10:36.855"/>
</kw>
<kw name="Close Browser" library="SeleniumLibrary" type="TEARDOWN">
<doc>Closes the current browser.</doc>
<status status="PASS" starttime="20211213 21:10:36.856" endtime="20211213 21:10:38.943"/>
</kw>
<status status="PASS" starttime="20211213 21:10:34.744" endtime="20211213 21:10:38.943"/>
</test>
<test id="s1-s1-t4" name="Logged in as problem user and sees a broken inventory page">
<kw name="Open Browser" library="SeleniumLibrary">
<arg>https://www.saucedemo.com/</arg>
<arg>chrome</arg>
<doc>Opens a new browser instance to the optional ``url``.</doc>
<msg timestamp="20211213 21:10:38.945" level="INFO">Opening browser 'chrome' to base url 'https://www.saucedemo.com/'.</msg>
<status status="PASS" starttime="20211213 21:10:38.945" endtime="20211213 21:10:40.732"/>
</kw>
<kw name="Maximize Browser Window" library="SeleniumLibrary">
<doc>Maximizes current browser window.</doc>
<status status="PASS" starttime="20211213 21:10:40.733" endtime="20211213 21:10:40.858"/>
</kw>
<kw name="Page Should Contain Element" library="SeleniumLibrary">
<arg>login-button</arg>
<doc>Verifies that element ``locator`` is found on the current page.</doc>
<msg timestamp="20211213 21:10:40.866" level="INFO">Current page contains element 'login-button'.</msg>
<status status="PASS" starttime="20211213 21:10:40.858" endtime="20211213 21:10:40.866"/>
</kw>
<kw name="Input Text" library="SeleniumLibrary">
<arg>user-name</arg>
<arg>problem_user</arg>
<doc>Types the given ``text`` into the text field identified by ``locator``.</doc>
<msg timestamp="20211213 21:10:40.867" level="INFO">Typing text 'problem_user' into text field 'user-name'.</msg>
<status status="PASS" starttime="20211213 21:10:40.866" endtime="20211213 21:10:40.918"/>
</kw>
<kw name="Input Password" library="SeleniumLibrary">
<arg>password</arg>
<arg>secret_sauce</arg>
<doc>Types the given password into the text field identified by ``locator``.</doc>
<msg timestamp="20211213 21:10:40.919" level="INFO">Typing password into text field 'password'.</msg>
<msg timestamp="20211213 21:10:40.939" level="INFO">Temporally setting log level to: NONE</msg>
<msg timestamp="20211213 21:10:40.963" level="INFO">Log level changed from NONE to INFO.</msg>
<status status="PASS" starttime="20211213 21:10:40.919" endtime="20211213 21:10:40.964"/>
</kw>
<kw name="Click Button" library="SeleniumLibrary">
<arg>login-button</arg>
<doc>Clicks the button identified by ``locator``.</doc>
<msg timestamp="20211213 21:10:40.964" level="INFO">Clicking button 'login-button'.</msg>
<status status="PASS" starttime="20211213 21:10:40.964" endtime="20211213 21:10:41.023"/>
</kw>
<kw name="Element Attribute Value Should Be" library="SeleniumLibrary">
<arg>xpath:/html/body/div/div/div/div[2]/div/div/div/div[1]/div[1]/a/img</arg>
<arg>src</arg>
<arg>https://www.saucedemo.com/static/media/sl-404.168b1cce.jpg</arg>
<doc>Verifies element identified by ``locator`` contains expected attribute value.</doc>
<msg timestamp="20211213 21:10:41.033" level="INFO">Element 'xpath:/html/body/div/div/div/div[2]/div/div/div/div[1]/div[1]/a/img' attribute 'src' contains value 'https://www.saucedemo.com/static/media/sl-404.168b1cce.jpg'.</msg>
<status status="PASS" starttime="20211213 21:10:41.023" endtime="20211213 21:10:41.033"/>
</kw>
<kw name="Close Browser" library="SeleniumLibrary" type="TEARDOWN">
<doc>Closes the current browser.</doc>
<status status="PASS" starttime="20211213 21:10:41.033" endtime="20211213 21:10:43.124"/>
</kw>
<status status="PASS" starttime="20211213 21:10:38.944" endtime="20211213 21:10:43.124"/>
</test>
<doc>A test suite with tests for different login cases

This test follows the example using keywords from
the SeleniumLibrary</doc>
<status status="PASS" starttime="20211213 21:10:26.078" endtime="20211213 21:10:43.125"/>
</suite>
<suite id="s1-s2" name="Tests Sort" source="C:\Users\lande\Documents\GitHub\STSWENGRobotFramework\tests\tests_sort.robot">
<test id="s1-s2-t1" name="Sort product name (A to Z)">
<kw name="Open Browser" library="SeleniumLibrary">
<arg>https://www.saucedemo.com/</arg>
<arg>chrome</arg>
<doc>Opens a new browser instance to the optional ``url``.</doc>
<msg timestamp="20211213 21:10:43.131" level="INFO">Opening browser 'chrome' to base url 'https://www.saucedemo.com/'.</msg>
<status status="PASS" starttime="20211213 21:10:43.131" endtime="20211213 21:10:45.034"/>
</kw>
<kw name="Maximize Browser Window" library="SeleniumLibrary">
<doc>Maximizes current browser window.</doc>
<status status="PASS" starttime="20211213 21:10:45.034" endtime="20211213 21:10:45.149"/>
</kw>
<kw name="Page Should Contain Element" library="SeleniumLibrary">
<arg>login-button</arg>
<doc>Verifies that element ``locator`` is found on the current page.</doc>
<msg timestamp="20211213 21:10:45.156" level="INFO">Current page contains element 'login-button'.</msg>
<status status="PASS" starttime="20211213 21:10:45.149" endtime="20211213 21:10:45.156"/>
</kw>
<kw name="Input Text" library="SeleniumLibrary">
<arg>user-name</arg>
<arg>standard_user</arg>
<doc>Types the given ``text`` into the text field identified by ``locator``.</doc>
<msg timestamp="20211213 21:10:45.156" level="INFO">Typing text 'standard_user' into text field 'user-name'.</msg>
<status status="PASS" starttime="20211213 21:10:45.156" endtime="20211213 21:10:45.210"/>
</kw>
<kw name="Input Password" library="SeleniumLibrary">
<arg>password</arg>
<arg>secret_sauce</arg>
<doc>Types the given password into the text field identified by ``locator``.</doc>
<msg timestamp="20211213 21:10:45.211" level="INFO">Typing password into text field 'password'.</msg>
<msg timestamp="20211213 21:10:45.231" level="INFO">Temporally setting log level to: NONE</msg>
<msg timestamp="20211213 21:10:45.255" level="INFO">Log level changed from NONE to INFO.</msg>
<status status="PASS" starttime="20211213 21:10:45.211" endtime="20211213 21:10:45.255"/>
</kw>
<kw name="Click Button" library="SeleniumLibrary">
<arg>login-button</arg>
<doc>Clicks the button identified by ``locator``.</doc>
<msg timestamp="20211213 21:10:45.256" level="INFO">Clicking button 'login-button'.</msg>
<status status="PASS" starttime="20211213 21:10:45.255" endtime="20211213 21:10:45.312"/>
</kw>
<kw name="Select From List By Value" library="SeleniumLibrary">
<arg>xpath:/html/body/div/div/div/div[1]/div[2]/div[2]/span/select</arg>
<arg>az</arg>
<doc>Selects options from selection list ``locator`` by ``values``.</doc>
<msg timestamp="20211213 21:10:45.312" level="INFO">Selecting options from selection list 'xpath:/html/body/div/div/div/div[1]/div[2]/div[2]/span/select' by value az.</msg>
<status status="PASS" starttime="20211213 21:10:45.312" endtime="20211213 21:10:45.336"/>
</kw>
<kw name="Element Attribute Value Should Be" library="SeleniumLibrary">
<arg>xpath:/html/body/div/div/div/div[1]/div[2]/div[2]/span/select</arg>
<arg>value</arg>
<arg>az</arg>
<doc>Verifies element identified by ``locator`` contains expected attribute value.</doc>
<msg timestamp="20211213 21:10:45.343" level="INFO">Element 'xpath:/html/body/div/div/div/div[1]/div[2]/div[2]/span/select' attribute 'value' contains value 'az'.</msg>
<status status="PASS" starttime="20211213 21:10:45.337" endtime="20211213 21:10:45.343"/>
</kw>
<kw name="Element Attribute Value Should Be" library="SeleniumLibrary">
<arg>xpath:/html/body/div/div/div/div[2]/div/div/div/div[1]/div[1]/a/img</arg>
<arg>src</arg>
<arg>https://www.saucedemo.com/static/media/sauce-backpack-1200x1500.34e7aa42.jpg</arg>
<doc>Verifies element identified by ``locator`` contains expected attribute value.</doc>
<msg timestamp="20211213 21:10:45.350" level="INFO">Element 'xpath:/html/body/div/div/div/div[2]/div/div/div/div[1]/div[1]/a/img' attribute 'src' contains value 'https://www.saucedemo.com/static/media/sauce-backpack-1200x1500.34e7aa42.jpg'.</msg>
<status status="PASS" starttime="20211213 21:10:45.343" endtime="20211213 21:10:45.350"/>
</kw>
<kw name="Close Browser" library="SeleniumLibrary" type="TEARDOWN">
<doc>Closes the current browser.</doc>
<status status="PASS" starttime="20211213 21:10:45.351" endtime="20211213 21:10:47.435"/>
</kw>
<status status="PASS" starttime="20211213 21:10:43.130" endtime="20211213 21:10:47.435"/>
</test>
<test id="s1-s2-t2" name="Sort product name (Z to A)">
<kw name="Open Browser" library="SeleniumLibrary">
<arg>https://www.saucedemo.com/</arg>
<arg>chrome</arg>
<doc>Opens a new browser instance to the optional ``url``.</doc>
<msg timestamp="20211213 21:10:47.437" level="INFO">Opening browser 'chrome' to base url 'https://www.saucedemo.com/'.</msg>
<status status="PASS" starttime="20211213 21:10:47.437" endtime="20211213 21:10:49.351"/>
</kw>
<kw name="Maximize Browser Window" library="SeleniumLibrary">
<doc>Maximizes current browser window.</doc>
<status status="PASS" starttime="20211213 21:10:49.351" endtime="20211213 21:10:49.463"/>
</kw>
<kw name="Page Should Contain Element" library="SeleniumLibrary">
<arg>login-button</arg>
<doc>Verifies that element ``locator`` is found on the current page.</doc>
<msg timestamp="20211213 21:10:49.470" level="INFO">Current page contains element 'login-button'.</msg>
<status status="PASS" starttime="20211213 21:10:49.463" endtime="20211213 21:10:49.470"/>
</kw>
<kw name="Input Text" library="SeleniumLibrary">
<arg>user-name</arg>
<arg>standard_user</arg>
<doc>Types the given ``text`` into the text field identified by ``locator``.</doc>
<msg timestamp="20211213 21:10:49.471" level="INFO">Typing text 'standard_user' into text field 'user-name'.</msg>
<status status="PASS" starttime="20211213 21:10:49.471" endtime="20211213 21:10:49.540"/>
</kw>
<kw name="Input Password" library="SeleniumLibrary">
<arg>password</arg>
<arg>secret_sauce</arg>
<doc>Types the given password into the text field identified by ``locator``.</doc>
<msg timestamp="20211213 21:10:49.541" level="INFO">Typing password into text field 'password'.</msg>
<msg timestamp="20211213 21:10:49.566" level="INFO">Temporally setting log level to: NONE</msg>
<msg timestamp="20211213 21:10:49.595" level="INFO">Log level changed from NONE to INFO.</msg>
<status status="PASS" starttime="20211213 21:10:49.540" endtime="20211213 21:10:49.595"/>
</kw>
<kw name="Click Button" library="SeleniumLibrary">
<arg>login-button</arg>
<doc>Clicks the button identified by ``locator``.</doc>
<msg timestamp="20211213 21:10:49.596" level="INFO">Clicking button 'login-button'.</msg>
<status status="PASS" starttime="20211213 21:10:49.596" endtime="20211213 21:10:49.656"/>
</kw>
<kw name="Select From List By Value" library="SeleniumLibrary">
<arg>xpath:/html/body/div/div/div/div[1]/div[2]/div[2]/span/select</arg>
<arg>za</arg>
<doc>Selects options from selection list ``locator`` by ``values``.</doc>
<msg timestamp="20211213 21:10:49.657" level="INFO">Selecting options from selection list 'xpath:/html/body/div/div/div/div[1]/div[2]/div[2]/span/select' by value za.</msg>
<status status="PASS" starttime="20211213 21:10:49.656" endtime="20211213 21:10:49.696"/>
</kw>
<kw name="Element Attribute Value Should Be" library="SeleniumLibrary">
<arg>xpath:/html/body/div/div/div/div[1]/div[2]/div[2]/span/select</arg>
<arg>value</arg>
<arg>za</arg>
<doc>Verifies element identified by ``locator`` contains expected attribute value.</doc>
<msg timestamp="20211213 21:10:49.702" level="INFO">Element 'xpath:/html/body/div/div/div/div[1]/div[2]/div[2]/span/select' attribute 'value' contains value 'za'.</msg>
<status status="PASS" starttime="20211213 21:10:49.697" endtime="20211213 21:10:49.702"/>
</kw>
<kw name="Element Attribute Value Should Be" library="SeleniumLibrary">
<arg>xpath:/html/body/div/div/div/div[2]/div/div/div/div[1]/div[1]/a/img</arg>
<arg>src</arg>
<arg>https://www.saucedemo.com/static/media/red-tatt-1200x1500.e32b4ef9.jpg</arg>
<doc>Verifies element identified by ``locator`` contains expected attribute value.</doc>
<msg timestamp="20211213 21:10:49.710" level="INFO">Element 'xpath:/html/body/div/div/div/div[2]/div/div/div/div[1]/div[1]/a/img' attribute 'src' contains value 'https://www.saucedemo.com/static/media/red-tatt-1200x1500.e32b4ef9.jpg'.</msg>
<status status="PASS" starttime="20211213 21:10:49.703" endtime="20211213 21:10:49.710"/>
</kw>
<kw name="Close Browser" library="SeleniumLibrary" type="TEARDOWN">
<doc>Closes the current browser.</doc>
<status status="PASS" starttime="20211213 21:10:49.710" endtime="20211213 21:10:51.803"/>
</kw>
<status status="PASS" starttime="20211213 21:10:47.437" endtime="20211213 21:10:51.803"/>
</test>
<test id="s1-s2-t3" name="Sort product price (low to high)">
<kw name="Open Browser" library="SeleniumLibrary">
<arg>https://www.saucedemo.com/</arg>
<arg>chrome</arg>
<doc>Opens a new browser instance to the optional ``url``.</doc>
<msg timestamp="20211213 21:10:51.805" level="INFO">Opening browser 'chrome' to base url 'https://www.saucedemo.com/'.</msg>
<status status="PASS" starttime="20211213 21:10:51.805" endtime="20211213 21:10:53.614"/>
</kw>
<kw name="Maximize Browser Window" library="SeleniumLibrary">
<doc>Maximizes current browser window.</doc>
<status status="PASS" starttime="20211213 21:10:53.615" endtime="20211213 21:10:53.726"/>
</kw>
<kw name="Page Should Contain Element" library="SeleniumLibrary">
<arg>login-button</arg>
<doc>Verifies that element ``locator`` is found on the current page.</doc>
<msg timestamp="20211213 21:10:53.734" level="INFO">Current page contains element 'login-button'.</msg>
<status status="PASS" starttime="20211213 21:10:53.727" endtime="20211213 21:10:53.734"/>
</kw>
<kw name="Input Text" library="SeleniumLibrary">
<arg>user-name</arg>
<arg>standard_user</arg>
<doc>Types the given ``text`` into the text field identified by ``locator``.</doc>
<msg timestamp="20211213 21:10:53.735" level="INFO">Typing text 'standard_user' into text field 'user-name'.</msg>
<status status="PASS" starttime="20211213 21:10:53.735" endtime="20211213 21:10:53.791"/>
</kw>
<kw name="Input Password" library="SeleniumLibrary">
<arg>password</arg>
<arg>secret_sauce</arg>
<doc>Types the given password into the text field identified by ``locator``.</doc>
<msg timestamp="20211213 21:10:53.792" level="INFO">Typing password into text field 'password'.</msg>
<msg timestamp="20211213 21:10:53.811" level="INFO">Temporally setting log level to: NONE</msg>
<msg timestamp="20211213 21:10:53.837" level="INFO">Log level changed from NONE to INFO.</msg>
<status status="PASS" starttime="20211213 21:10:53.792" endtime="20211213 21:10:53.837"/>
</kw>
<kw name="Click Button" library="SeleniumLibrary">
<arg>login-button</arg>
<doc>Clicks the button identified by ``locator``.</doc>
<msg timestamp="20211213 21:10:53.838" level="INFO">Clicking button 'login-button'.</msg>
<status status="PASS" starttime="20211213 21:10:53.838" endtime="20211213 21:10:53.895"/>
</kw>
<kw name="Select From List By Value" library="SeleniumLibrary">
<arg>xpath:/html/body/div/div/div/div[1]/div[2]/div[2]/span/select</arg>
<arg>lohi</arg>
<doc>Selects options from selection list ``locator`` by ``values``.</doc>
<msg timestamp="20211213 21:10:53.896" level="INFO">Selecting options from selection list 'xpath:/html/body/div/div/div/div[1]/div[2]/div[2]/span/select' by value lohi.</msg>
<status status="PASS" starttime="20211213 21:10:53.895" endtime="20211213 21:10:53.935"/>
</kw>
<kw name="Element Attribute Value Should Be" library="SeleniumLibrary">
<arg>xpath:/html/body/div/div/div/div[1]/div[2]/div[2]/span/select</arg>
<arg>value</arg>
<arg>lohi</arg>
<doc>Verifies element identified by ``locator`` contains expected attribute value.</doc>
<msg timestamp="20211213 21:10:53.943" level="INFO">Element 'xpath:/html/body/div/div/div/div[1]/div[2]/div[2]/span/select' attribute 'value' contains value 'lohi'.</msg>
<status status="PASS" starttime="20211213 21:10:53.936" endtime="20211213 21:10:53.943"/>
</kw>
<kw name="Element Attribute Value Should Be" library="SeleniumLibrary">
<arg>xpath:/html/body/div/div/div/div[2]/div/div/div/div[1]/div[1]/a/img</arg>
<arg>src</arg>
<arg>https://www.saucedemo.com/static/media/red-onesie-1200x1500.1b15e1fa.jpg</arg>
<doc>Verifies element identified by ``locator`` contains expected attribute value.</doc>
<msg timestamp="20211213 21:10:53.952" level="INFO">Element 'xpath:/html/body/div/div/div/div[2]/div/div/div/div[1]/div[1]/a/img' attribute 'src' contains value 'https://www.saucedemo.com/static/media/red-onesie-1200x1500.1b15e1fa.jpg'.</msg>
<status status="PASS" starttime="20211213 21:10:53.943" endtime="20211213 21:10:53.952"/>
</kw>
<kw name="Close Browser" library="SeleniumLibrary" type="TEARDOWN">
<doc>Closes the current browser.</doc>
<status status="PASS" starttime="20211213 21:10:53.953" endtime="20211213 21:10:56.037"/>
</kw>
<status status="PASS" starttime="20211213 21:10:51.804" endtime="20211213 21:10:56.037"/>
</test>
<test id="s1-s2-t4" name="Sort product price (high to low)">
<kw name="Open Browser" library="SeleniumLibrary">
<arg>https://www.saucedemo.com/</arg>
<arg>chrome</arg>
<doc>Opens a new browser instance to the optional ``url``.</doc>
<msg timestamp="20211213 21:10:56.039" level="INFO">Opening browser 'chrome' to base url 'https://www.saucedemo.com/'.</msg>
<status status="PASS" starttime="20211213 21:10:56.039" endtime="20211213 21:10:57.853"/>
</kw>
<kw name="Maximize Browser Window" library="SeleniumLibrary">
<doc>Maximizes current browser window.</doc>
<status status="PASS" starttime="20211213 21:10:57.854" endtime="20211213 21:10:57.966"/>
</kw>
<kw name="Page Should Contain Element" library="SeleniumLibrary">
<arg>login-button</arg>
<doc>Verifies that element ``locator`` is found on the current page.</doc>
<msg timestamp="20211213 21:10:57.974" level="INFO">Current page contains element 'login-button'.</msg>
<status status="PASS" starttime="20211213 21:10:57.966" endtime="20211213 21:10:57.974"/>
</kw>
<kw name="Input Text" library="SeleniumLibrary">
<arg>user-name</arg>
<arg>standard_user</arg>
<doc>Types the given ``text`` into the text field identified by ``locator``.</doc>
<msg timestamp="20211213 21:10:57.974" level="INFO">Typing text 'standard_user' into text field 'user-name'.</msg>
<status status="PASS" starttime="20211213 21:10:57.974" endtime="20211213 21:10:58.033"/>
</kw>
<kw name="Input Password" library="SeleniumLibrary">
<arg>password</arg>
<arg>secret_sauce</arg>
<doc>Types the given password into the text field identified by ``locator``.</doc>
<msg timestamp="20211213 21:10:58.034" level="INFO">Typing password into text field 'password'.</msg>
<msg timestamp="20211213 21:10:58.054" level="INFO">Temporally setting log level to: NONE</msg>
<msg timestamp="20211213 21:10:58.077" level="INFO">Log level changed from NONE to INFO.</msg>
<status status="PASS" starttime="20211213 21:10:58.034" endtime="20211213 21:10:58.077"/>
</kw>
<kw name="Click Button" library="SeleniumLibrary">
<arg>login-button</arg>
<doc>Clicks the button identified by ``locator``.</doc>
<msg timestamp="20211213 21:10:58.078" level="INFO">Clicking button 'login-button'.</msg>
<status status="PASS" starttime="20211213 21:10:58.078" endtime="20211213 21:10:58.132"/>
</kw>
<kw name="Select From List By Value" library="SeleniumLibrary">
<arg>xpath:/html/body/div/div/div/div[1]/div[2]/div[2]/span/select</arg>
<arg>hilo</arg>
<doc>Selects options from selection list ``locator`` by ``values``.</doc>
<msg timestamp="20211213 21:10:58.133" level="INFO">Selecting options from selection list 'xpath:/html/body/div/div/div/div[1]/div[2]/div[2]/span/select' by value hilo.</msg>
<status status="PASS" starttime="20211213 21:10:58.133" endtime="20211213 21:10:58.172"/>
</kw>
<kw name="Element Attribute Value Should Be" library="SeleniumLibrary">
<arg>xpath:/html/body/div/div/div/div[1]/div[2]/div[2]/span/select</arg>
<arg>value</arg>
<arg>hilo</arg>
<doc>Verifies element identified by ``locator`` contains expected attribute value.</doc>
<msg timestamp="20211213 21:10:58.179" level="INFO">Element 'xpath:/html/body/div/div/div/div[1]/div[2]/div[2]/span/select' attribute 'value' contains value 'hilo'.</msg>
<status status="PASS" starttime="20211213 21:10:58.173" endtime="20211213 21:10:58.179"/>
</kw>
<kw name="Element Attribute Value Should Be" library="SeleniumLibrary">
<arg>xpath:/html/body/div/div/div/div[2]/div/div/div/div[1]/div[1]/a/img</arg>
<arg>src</arg>
<arg>https://www.saucedemo.com/static/media/sauce-pullover-1200x1500.439fc934.jpg</arg>
<doc>Verifies element identified by ``locator`` contains expected attribute value.</doc>
<msg timestamp="20211213 21:10:58.188" level="INFO">Element 'xpath:/html/body/div/div/div/div[2]/div/div/div/div[1]/div[1]/a/img' attribute 'src' contains value 'https://www.saucedemo.com/static/media/sauce-pullover-1200x1500.439fc934.jpg'.</msg>
<status status="PASS" starttime="20211213 21:10:58.179" endtime="20211213 21:10:58.188"/>
</kw>
<kw name="Close Browser" library="SeleniumLibrary" type="TEARDOWN">
<doc>Closes the current browser.</doc>
<status status="PASS" starttime="20211213 21:10:58.189" endtime="20211213 21:11:00.277"/>
</kw>
<status status="PASS" starttime="20211213 21:10:56.038" endtime="20211213 21:11:00.277"/>
</test>
<doc>A test suite with tests for different sorting cases

This test follows the example using keywords from
the SeleniumLibrary</doc>
<status status="PASS" starttime="20211213 21:10:43.128" endtime="20211213 21:11:00.278"/>
</suite>
<status status="PASS" starttime="20211213 21:10:26.058" endtime="20211213 21:11:00.281"/>
</suite>
<statistics>
<total>
<stat pass="8" fail="0" skip="0">All Tests</stat>
</total>
<tag>
</tag>
<suite>
<stat pass="8" fail="0" skip="0" id="s1" name="Tests">Tests</stat>
<stat pass="4" fail="0" skip="0" id="s1-s1" name="Tests Login">Tests.Tests Login</stat>
<stat pass="4" fail="0" skip="0" id="s1-s2" name="Tests Sort">Tests.Tests Sort</stat>
</suite>
</statistics>
<errors>
</errors>
</robot>
